================================================================================
咖啡名片批量编辑器 - 生成日志
================================================================================

生成时间: 2025/09/04 21:45:41
UTC时间: 2025-09-04T13:45:41.697Z
PDF文件名: 2025-09-04.pdf

--------------------------------------------------
生成设置
--------------------------------------------------
设定模式: 全局设定
选中图片数量: 3 张
总制作数量: 3 张
PDF总页数: 1 页

--------------------------------------------------
全局设定
--------------------------------------------------
烘焙日期: 烘焙日期：2025年09月04日
重量: 200g

--------------------------------------------------
图片详情
--------------------------------------------------
图片 1:
  文件名: 耶加雪啡-哈露贝利蒂
  制作数量: 1 张
  烘焙日期: 烘焙日期：2025年09月04日
  重量: 200g

图片 2:
  文件名: 天堂庄园-瑰夏
  制作数量: 1 张
  烘焙日期: 烘焙日期：2025年09月04日
  重量: 200g

图片 3:
  文件名: 圣洁庄园-追光者计划
  制作数量: 1 张
  烘焙日期: 烘焙日期：2025年09月04日
  重量: 200g

================================================================================
日志结束
================================================================================
