================================================================================
咖啡名片批量编辑器 - 生成日志
================================================================================

生成时间: 2025/09/04 20:13:32
UTC时间: 2025-09-04T12:13:32.998Z
PDF文件名: 2025-09-04.pdf

--------------------------------------------------
生成设置
--------------------------------------------------
设定模式: 单独设定
选中图片数量: 2 张
总制作数量: 16 张
PDF总页数: 2 页

--------------------------------------------------
图片详情
--------------------------------------------------
图片 1:
  文件名: 8.jpg
  制作数量: 8 张
  烘焙日期: 烘焙日期：2025年09月04日
  重量: 500g

图片 2:
  文件名: 3.jpg
  制作数量: 8 张
  烘焙日期: 烘焙日期：2025年09月04日
  重量: 500g

--------------------------------------------------
单独设定详情
--------------------------------------------------
图片 3.jpg:
  烘焙日期: 烘焙日期：2025年09月04日
  重量: 500g

图片 8.jpg:
  烘焙日期: 烘焙日期：2025年09月04日
  重量: 500g


================================================================================
日志结束
================================================================================
