================================================================================
咖啡名片批量编辑器 - 生成日志
================================================================================

生成时间: 2025/09/04 21:02:19
UTC时间: 2025-09-04T13:02:19.255Z
PDF文件名: 2025-09-04.pdf

--------------------------------------------------
生成设置
--------------------------------------------------
设定模式: 全局设定
选中图片数量: 4 张
总制作数量: 19 张
PDF总页数: 3 页

--------------------------------------------------
全局设定
--------------------------------------------------
烘焙日期: 烘焙日期：2025年09月04日
重量: 500g

--------------------------------------------------
图片详情
--------------------------------------------------
图片 1:
  文件名: 8.jpg
  制作数量: 8 张
  烘焙日期: 烘焙日期：2025年09月04日
  重量: 500g

图片 2:
  文件名: 3.jpg
  制作数量: 4 张
  烘焙日期: 烘焙日期：2025年09月04日
  重量: 500g

图片 3:
  文件名: 2.jpg
  制作数量: 2 张
  烘焙日期: 烘焙日期：2025年09月04日
  重量: 500g

图片 4:
  文件名: 7.jpg
  制作数量: 5 张
  烘焙日期: 烘焙日期：2025年09月04日
  重量: 500g

================================================================================
日志结束
================================================================================
