================================================================================
咖啡名片批量编辑器 - 生成日志
================================================================================

生成时间: 2025/09/04 20:47:38
UTC时间: 2025-09-04T12:47:38.138Z
PDF文件名: 2025-09-04.pdf

--------------------------------------------------
生成设置
--------------------------------------------------
设定模式: 单独设定
选中图片数量: 2 张
总制作数量: 3 张
PDF总页数: 1 页

--------------------------------------------------
图片详情
--------------------------------------------------
图片 1:
  文件名: 3.jpg
  制作数量: 2 张
  烘焙日期: 烘焙日期：2025年09月12日
  重量: 2g

图片 2:
  文件名: 4.jpg
  制作数量: 1 张
  烘焙日期: 烘焙日期：2025年09月04日
  重量: 4g

--------------------------------------------------
单独设定详情
--------------------------------------------------
图片 3.jpg:
  烘焙日期: 烘焙日期：2025年09月04日
  重量: 无

图片 4.jpg:
  烘焙日期: 烘焙日期：2025年09月04日
  重量: 无


================================================================================
日志结束
================================================================================
